<?xml version="1.0" encoding="UTF-8"?>
<testsuite xmlns:xsi="http://www.w3.org/2001/XMLSchema-instance" xsi:noNamespaceSchemaLocation="https://maven.apache.org/surefire/maven-surefire-plugin/xsd/surefire-test-report.xsd" name="com.zn.springbootdemo.SpringbootdemoApplicationTests" time="5.546" tests="1" errors="0" skipped="0" failures="0">
  <properties>
    <property name="gopherProxySet" value="false"/>
    <property name="awt.toolkit" value="sun.lwawt.macosx.LWCToolkit"/>
    <property name="file.encoding.pkg" value="sun.io"/>
    <property name="java.specification.version" value="1.8"/>
    <property name="sun.cpu.isalist" value=""/>
    <property name="sun.jnu.encoding" value="UTF-8"/>
    <property name="java.class.path" value="/Users/ning/Downloads/springbootdemo/target/test-classes:/Users/ning/Downloads/springbootdemo/target/classes:/Users/ning/workspace/maven_Repository/org/springframework/boot/spring-boot-starter-data-redis/2.0.4.RELEASE/spring-boot-starter-data-redis-2.0.4.RELEASE.jar:/Users/ning/workspace/maven_Repository/org/springframework/boot/spring-boot-starter/2.0.4.RELEASE/spring-boot-starter-2.0.4.RELEASE.jar:/Users/ning/workspace/maven_Repository/org/springframework/boot/spring-boot-starter-logging/2.0.4.RELEASE/spring-boot-starter-logging-2.0.4.RELEASE.jar:/Users/ning/workspace/maven_Repository/ch/qos/logback/logback-classic/1.2.3/logback-classic-1.2.3.jar:/Users/ning/workspace/maven_Repository/ch/qos/logback/logback-core/1.2.3/logback-core-1.2.3.jar:/Users/ning/workspace/maven_Repository/org/apache/logging/log4j/log4j-to-slf4j/2.10.0/log4j-to-slf4j-2.10.0.jar:/Users/ning/workspace/maven_Repository/org/apache/logging/log4j/log4j-api/2.10.0/log4j-api-2.10.0.jar:/Users/ning/workspace/maven_Repository/org/slf4j/jul-to-slf4j/1.7.25/jul-to-slf4j-1.7.25.jar:/Users/ning/workspace/maven_Repository/javax/annotation/javax.annotation-api/1.3.2/javax.annotation-api-1.3.2.jar:/Users/ning/workspace/maven_Repository/org/yaml/snakeyaml/1.19/snakeyaml-1.19.jar:/Users/ning/workspace/maven_Repository/org/springframework/data/spring-data-redis/2.0.9.RELEASE/spring-data-redis-2.0.9.RELEASE.jar:/Users/ning/workspace/maven_Repository/org/springframework/data/spring-data-keyvalue/2.0.9.RELEASE/spring-data-keyvalue-2.0.9.RELEASE.jar:/Users/ning/workspace/maven_Repository/org/springframework/data/spring-data-commons/2.0.9.RELEASE/spring-data-commons-2.0.9.RELEASE.jar:/Users/ning/workspace/maven_Repository/org/springframework/spring-tx/5.0.8.RELEASE/spring-tx-5.0.8.RELEASE.jar:/Users/ning/workspace/maven_Repository/org/springframework/spring-oxm/5.0.8.RELEASE/spring-oxm-5.0.8.RELEASE.jar:/Users/ning/workspace/maven_Repository/org/springframework/spring-aop/5.0.8.RELEASE/spring-aop-5.0.8.RELEASE.jar:/Users/ning/workspace/maven_Repository/org/springframework/spring-context-support/5.0.8.RELEASE/spring-context-support-5.0.8.RELEASE.jar:/Users/ning/workspace/maven_Repository/org/slf4j/slf4j-api/1.7.25/slf4j-api-1.7.25.jar:/Users/ning/workspace/maven_Repository/io/lettuce/lettuce-core/5.0.4.RELEASE/lettuce-core-5.0.4.RELEASE.jar:/Users/ning/workspace/maven_Repository/io/projectreactor/reactor-core/3.1.8.RELEASE/reactor-core-3.1.8.RELEASE.jar:/Users/ning/workspace/maven_Repository/org/reactivestreams/reactive-streams/1.0.2/reactive-streams-1.0.2.jar:/Users/ning/workspace/maven_Repository/io/netty/netty-common/4.1.27.Final/netty-common-4.1.27.Final.jar:/Users/ning/workspace/maven_Repository/io/netty/netty-transport/4.1.27.Final/netty-transport-4.1.27.Final.jar:/Users/ning/workspace/maven_Repository/io/netty/netty-buffer/4.1.27.Final/netty-buffer-4.1.27.Final.jar:/Users/ning/workspace/maven_Repository/io/netty/netty-resolver/4.1.27.Final/netty-resolver-4.1.27.Final.jar:/Users/ning/workspace/maven_Repository/io/netty/netty-handler/4.1.27.Final/netty-handler-4.1.27.Final.jar:/Users/ning/workspace/maven_Repository/io/netty/netty-codec/4.1.27.Final/netty-codec-4.1.27.Final.jar:/Users/ning/workspace/maven_Repository/org/springframework/boot/spring-boot-starter-web/2.0.4.RELEASE/spring-boot-starter-web-2.0.4.RELEASE.jar:/Users/ning/workspace/maven_Repository/org/springframework/boot/spring-boot-starter-json/2.0.4.RELEASE/spring-boot-starter-json-2.0.4.RELEASE.jar:/Users/ning/workspace/maven_Repository/com/fasterxml/jackson/core/jackson-databind/2.9.6/jackson-databind-2.9.6.jar:/Users/ning/workspace/maven_Repository/com/fasterxml/jackson/core/jackson-annotations/2.9.0/jackson-annotations-2.9.0.jar:/Users/ning/workspace/maven_Repository/com/fasterxml/jackson/core/jackson-core/2.9.6/jackson-core-2.9.6.jar:/Users/ning/workspace/maven_Repository/com/fasterxml/jackson/datatype/jackson-datatype-jdk8/2.9.6/jackson-datatype-jdk8-2.9.6.jar:/Users/ning/workspace/maven_Repository/com/fasterxml/jackson/datatype/jackson-datatype-jsr310/2.9.6/jackson-datatype-jsr310-2.9.6.jar:/Users/ning/workspace/maven_Repository/com/fasterxml/jackson/module/jackson-module-parameter-names/2.9.6/jackson-module-parameter-names-2.9.6.jar:/Users/ning/workspace/maven_Repository/org/springframework/boot/spring-boot-starter-tomcat/2.0.4.RELEASE/spring-boot-starter-tomcat-2.0.4.RELEASE.jar:/Users/ning/workspace/maven_Repository/org/apache/tomcat/embed/tomcat-embed-core/8.5.32/tomcat-embed-core-8.5.32.jar:/Users/ning/workspace/maven_Repository/org/apache/tomcat/embed/tomcat-embed-el/8.5.32/tomcat-embed-el-8.5.32.jar:/Users/ning/workspace/maven_Repository/org/apache/tomcat/embed/tomcat-embed-websocket/8.5.32/tomcat-embed-websocket-8.5.32.jar:/Users/ning/workspace/maven_Repository/org/hibernate/validator/hibernate-validator/6.0.11.Final/hibernate-validator-6.0.11.Final.jar:/Users/ning/workspace/maven_Repository/javax/validation/validation-api/2.0.1.Final/validation-api-2.0.1.Final.jar:/Users/ning/workspace/maven_Repository/org/jboss/logging/jboss-logging/3.3.2.Final/jboss-logging-3.3.2.Final.jar:/Users/ning/workspace/maven_Repository/com/fasterxml/classmate/1.3.4/classmate-1.3.4.jar:/Users/ning/workspace/maven_Repository/org/springframework/spring-web/5.0.8.RELEASE/spring-web-5.0.8.RELEASE.jar:/Users/ning/workspace/maven_Repository/org/springframework/spring-beans/5.0.8.RELEASE/spring-beans-5.0.8.RELEASE.jar:/Users/ning/workspace/maven_Repository/org/springframework/spring-webmvc/5.0.8.RELEASE/spring-webmvc-5.0.8.RELEASE.jar:/Users/ning/workspace/maven_Repository/org/springframework/spring-context/5.0.8.RELEASE/spring-context-5.0.8.RELEASE.jar:/Users/ning/workspace/maven_Repository/org/springframework/spring-expression/5.0.8.RELEASE/spring-expression-5.0.8.RELEASE.jar:/Users/ning/workspace/maven_Repository/mysql/mysql-connector-java/5.1.46/mysql-connector-java-5.1.46.jar:/Users/ning/workspace/maven_Repository/org/projectlombok/lombok/1.16.22/lombok-1.16.22.jar:/Users/ning/workspace/maven_Repository/org/springframework/boot/spring-boot-starter-test/2.0.4.RELEASE/spring-boot-starter-test-2.0.4.RELEASE.jar:/Users/ning/workspace/maven_Repository/org/springframework/boot/spring-boot-test/2.0.4.RELEASE/spring-boot-test-2.0.4.RELEASE.jar:/Users/ning/workspace/maven_Repository/org/springframework/boot/spring-boot-test-autoconfigure/2.0.4.RELEASE/spring-boot-test-autoconfigure-2.0.4.RELEASE.jar:/Users/ning/workspace/maven_Repository/com/jayway/jsonpath/json-path/2.4.0/json-path-2.4.0.jar:/Users/ning/workspace/maven_Repository/net/minidev/json-smart/2.3/json-smart-2.3.jar:/Users/ning/workspace/maven_Repository/net/minidev/accessors-smart/1.2/accessors-smart-1.2.jar:/Users/ning/workspace/maven_Repository/org/ow2/asm/asm/5.0.4/asm-5.0.4.jar:/Users/ning/workspace/maven_Repository/junit/junit/4.12/junit-4.12.jar:/Users/ning/workspace/maven_Repository/org/assertj/assertj-core/3.9.1/assertj-core-3.9.1.jar:/Users/ning/workspace/maven_Repository/org/mockito/mockito-core/2.15.0/mockito-core-2.15.0.jar:/Users/ning/workspace/maven_Repository/net/bytebuddy/byte-buddy/1.7.11/byte-buddy-1.7.11.jar:/Users/ning/workspace/maven_Repository/net/bytebuddy/byte-buddy-agent/1.7.11/byte-buddy-agent-1.7.11.jar:/Users/ning/workspace/maven_Repository/org/objenesis/objenesis/2.6/objenesis-2.6.jar:/Users/ning/workspace/maven_Repository/org/hamcrest/hamcrest-core/1.3/hamcrest-core-1.3.jar:/Users/ning/workspace/maven_Repository/org/hamcrest/hamcrest-library/1.3/hamcrest-library-1.3.jar:/Users/ning/workspace/maven_Repository/org/skyscreamer/jsonassert/1.5.0/jsonassert-1.5.0.jar:/Users/ning/workspace/maven_Repository/com/vaadin/external/google/android-json/0.0.20131108.vaadin1/android-json-0.0.20131108.vaadin1.jar:/Users/ning/workspace/maven_Repository/org/springframework/spring-core/5.0.8.RELEASE/spring-core-5.0.8.RELEASE.jar:/Users/ning/workspace/maven_Repository/org/springframework/spring-jcl/5.0.8.RELEASE/spring-jcl-5.0.8.RELEASE.jar:/Users/ning/workspace/maven_Repository/org/springframework/spring-test/5.0.8.RELEASE/spring-test-5.0.8.RELEASE.jar:/Users/ning/workspace/maven_Repository/org/xmlunit/xmlunit-core/2.5.1/xmlunit-core-2.5.1.jar:/Users/ning/workspace/maven_Repository/org/springframework/boot/spring-boot-devtools/2.0.4.RELEASE/spring-boot-devtools-2.0.4.RELEASE.jar:/Users/ning/workspace/maven_Repository/org/springframework/boot/spring-boot/2.0.4.RELEASE/spring-boot-2.0.4.RELEASE.jar:/Users/ning/workspace/maven_Repository/org/springframework/boot/spring-boot-autoconfigure/2.0.4.RELEASE/spring-boot-autoconfigure-2.0.4.RELEASE.jar:/Users/ning/workspace/maven_Repository/org/springframework/boot/spring-boot-configuration-processor/2.0.4.RELEASE/spring-boot-configuration-processor-2.0.4.RELEASE.jar:"/>
    <property name="java.vm.vendor" value="Oracle Corporation"/>
    <property name="sun.arch.data.model" value="64"/>
    <property name="java.vendor.url" value="http://java.oracle.com/"/>
    <property name="user.timezone" value=""/>
    <property name="user.country.format" value="HK"/>
    <property name="java.vm.specification.version" value="1.8"/>
    <property name="os.name" value="Mac OS X"/>
    <property name="user.country" value="CN"/>
    <property name="sun.java.launcher" value="SUN_STANDARD"/>
    <property name="sun.boot.library.path" value="/Library/Java/JavaVirtualMachines/jdk1.8.0_65.jdk/Contents/Home/jre/lib"/>
    <property name="sun.java.command" value="/Users/ning/Downloads/springbootdemo/target/surefire/surefirebooter4774805648711524408.jar /Users/ning/Downloads/springbootdemo/target/surefire 2018-08-13T09-03-58_235-jvmRun1 surefire4930355309417198003tmp surefire_06920765226510568115tmp"/>
    <property name="http.nonProxyHosts" value="local|*.local|169.254/16|*.169.254/16"/>
    <property name="surefire.test.class.path" value="/Users/ning/Downloads/springbootdemo/target/test-classes:/Users/ning/Downloads/springbootdemo/target/classes:/Users/ning/workspace/maven_Repository/org/springframework/boot/spring-boot-starter-data-redis/2.0.4.RELEASE/spring-boot-starter-data-redis-2.0.4.RELEASE.jar:/Users/ning/workspace/maven_Repository/org/springframework/boot/spring-boot-starter/2.0.4.RELEASE/spring-boot-starter-2.0.4.RELEASE.jar:/Users/ning/workspace/maven_Repository/org/springframework/boot/spring-boot-starter-logging/2.0.4.RELEASE/spring-boot-starter-logging-2.0.4.RELEASE.jar:/Users/ning/workspace/maven_Repository/ch/qos/logback/logback-classic/1.2.3/logback-classic-1.2.3.jar:/Users/ning/workspace/maven_Repository/ch/qos/logback/logback-core/1.2.3/logback-core-1.2.3.jar:/Users/ning/workspace/maven_Repository/org/apache/logging/log4j/log4j-to-slf4j/2.10.0/log4j-to-slf4j-2.10.0.jar:/Users/ning/workspace/maven_Repository/org/apache/logging/log4j/log4j-api/2.10.0/log4j-api-2.10.0.jar:/Users/ning/workspace/maven_Repository/org/slf4j/jul-to-slf4j/1.7.25/jul-to-slf4j-1.7.25.jar:/Users/ning/workspace/maven_Repository/javax/annotation/javax.annotation-api/1.3.2/javax.annotation-api-1.3.2.jar:/Users/ning/workspace/maven_Repository/org/yaml/snakeyaml/1.19/snakeyaml-1.19.jar:/Users/ning/workspace/maven_Repository/org/springframework/data/spring-data-redis/2.0.9.RELEASE/spring-data-redis-2.0.9.RELEASE.jar:/Users/ning/workspace/maven_Repository/org/springframework/data/spring-data-keyvalue/2.0.9.RELEASE/spring-data-keyvalue-2.0.9.RELEASE.jar:/Users/ning/workspace/maven_Repository/org/springframework/data/spring-data-commons/2.0.9.RELEASE/spring-data-commons-2.0.9.RELEASE.jar:/Users/ning/workspace/maven_Repository/org/springframework/spring-tx/5.0.8.RELEASE/spring-tx-5.0.8.RELEASE.jar:/Users/ning/workspace/maven_Repository/org/springframework/spring-oxm/5.0.8.RELEASE/spring-oxm-5.0.8.RELEASE.jar:/Users/ning/workspace/maven_Repository/org/springframework/spring-aop/5.0.8.RELEASE/spring-aop-5.0.8.RELEASE.jar:/Users/ning/workspace/maven_Repository/org/springframework/spring-context-support/5.0.8.RELEASE/spring-context-support-5.0.8.RELEASE.jar:/Users/ning/workspace/maven_Repository/org/slf4j/slf4j-api/1.7.25/slf4j-api-1.7.25.jar:/Users/ning/workspace/maven_Repository/io/lettuce/lettuce-core/5.0.4.RELEASE/lettuce-core-5.0.4.RELEASE.jar:/Users/ning/workspace/maven_Repository/io/projectreactor/reactor-core/3.1.8.RELEASE/reactor-core-3.1.8.RELEASE.jar:/Users/ning/workspace/maven_Repository/org/reactivestreams/reactive-streams/1.0.2/reactive-streams-1.0.2.jar:/Users/ning/workspace/maven_Repository/io/netty/netty-common/4.1.27.Final/netty-common-4.1.27.Final.jar:/Users/ning/workspace/maven_Repository/io/netty/netty-transport/4.1.27.Final/netty-transport-4.1.27.Final.jar:/Users/ning/workspace/maven_Repository/io/netty/netty-buffer/4.1.27.Final/netty-buffer-4.1.27.Final.jar:/Users/ning/workspace/maven_Repository/io/netty/netty-resolver/4.1.27.Final/netty-resolver-4.1.27.Final.jar:/Users/ning/workspace/maven_Repository/io/netty/netty-handler/4.1.27.Final/netty-handler-4.1.27.Final.jar:/Users/ning/workspace/maven_Repository/io/netty/netty-codec/4.1.27.Final/netty-codec-4.1.27.Final.jar:/Users/ning/workspace/maven_Repository/org/springframework/boot/spring-boot-starter-web/2.0.4.RELEASE/spring-boot-starter-web-2.0.4.RELEASE.jar:/Users/ning/workspace/maven_Repository/org/springframework/boot/spring-boot-starter-json/2.0.4.RELEASE/spring-boot-starter-json-2.0.4.RELEASE.jar:/Users/ning/workspace/maven_Repository/com/fasterxml/jackson/core/jackson-databind/2.9.6/jackson-databind-2.9.6.jar:/Users/ning/workspace/maven_Repository/com/fasterxml/jackson/core/jackson-annotations/2.9.0/jackson-annotations-2.9.0.jar:/Users/ning/workspace/maven_Repository/com/fasterxml/jackson/core/jackson-core/2.9.6/jackson-core-2.9.6.jar:/Users/ning/workspace/maven_Repository/com/fasterxml/jackson/datatype/jackson-datatype-jdk8/2.9.6/jackson-datatype-jdk8-2.9.6.jar:/Users/ning/workspace/maven_Repository/com/fasterxml/jackson/datatype/jackson-datatype-jsr310/2.9.6/jackson-datatype-jsr310-2.9.6.jar:/Users/ning/workspace/maven_Repository/com/fasterxml/jackson/module/jackson-module-parameter-names/2.9.6/jackson-module-parameter-names-2.9.6.jar:/Users/ning/workspace/maven_Repository/org/springframework/boot/spring-boot-starter-tomcat/2.0.4.RELEASE/spring-boot-starter-tomcat-2.0.4.RELEASE.jar:/Users/ning/workspace/maven_Repository/org/apache/tomcat/embed/tomcat-embed-core/8.5.32/tomcat-embed-core-8.5.32.jar:/Users/ning/workspace/maven_Repository/org/apache/tomcat/embed/tomcat-embed-el/8.5.32/tomcat-embed-el-8.5.32.jar:/Users/ning/workspace/maven_Repository/org/apache/tomcat/embed/tomcat-embed-websocket/8.5.32/tomcat-embed-websocket-8.5.32.jar:/Users/ning/workspace/maven_Repository/org/hibernate/validator/hibernate-validator/6.0.11.Final/hibernate-validator-6.0.11.Final.jar:/Users/ning/workspace/maven_Repository/javax/validation/validation-api/2.0.1.Final/validation-api-2.0.1.Final.jar:/Users/ning/workspace/maven_Repository/org/jboss/logging/jboss-logging/3.3.2.Final/jboss-logging-3.3.2.Final.jar:/Users/ning/workspace/maven_Repository/com/fasterxml/classmate/1.3.4/classmate-1.3.4.jar:/Users/ning/workspace/maven_Repository/org/springframework/spring-web/5.0.8.RELEASE/spring-web-5.0.8.RELEASE.jar:/Users/ning/workspace/maven_Repository/org/springframework/spring-beans/5.0.8.RELEASE/spring-beans-5.0.8.RELEASE.jar:/Users/ning/workspace/maven_Repository/org/springframework/spring-webmvc/5.0.8.RELEASE/spring-webmvc-5.0.8.RELEASE.jar:/Users/ning/workspace/maven_Repository/org/springframework/spring-context/5.0.8.RELEASE/spring-context-5.0.8.RELEASE.jar:/Users/ning/workspace/maven_Repository/org/springframework/spring-expression/5.0.8.RELEASE/spring-expression-5.0.8.RELEASE.jar:/Users/ning/workspace/maven_Repository/mysql/mysql-connector-java/5.1.46/mysql-connector-java-5.1.46.jar:/Users/ning/workspace/maven_Repository/org/projectlombok/lombok/1.16.22/lombok-1.16.22.jar:/Users/ning/workspace/maven_Repository/org/springframework/boot/spring-boot-starter-test/2.0.4.RELEASE/spring-boot-starter-test-2.0.4.RELEASE.jar:/Users/ning/workspace/maven_Repository/org/springframework/boot/spring-boot-test/2.0.4.RELEASE/spring-boot-test-2.0.4.RELEASE.jar:/Users/ning/workspace/maven_Repository/org/springframework/boot/spring-boot-test-autoconfigure/2.0.4.RELEASE/spring-boot-test-autoconfigure-2.0.4.RELEASE.jar:/Users/ning/workspace/maven_Repository/com/jayway/jsonpath/json-path/2.4.0/json-path-2.4.0.jar:/Users/ning/workspace/maven_Repository/net/minidev/json-smart/2.3/json-smart-2.3.jar:/Users/ning/workspace/maven_Repository/net/minidev/accessors-smart/1.2/accessors-smart-1.2.jar:/Users/ning/workspace/maven_Repository/org/ow2/asm/asm/5.0.4/asm-5.0.4.jar:/Users/ning/workspace/maven_Repository/junit/junit/4.12/junit-4.12.jar:/Users/ning/workspace/maven_Repository/org/assertj/assertj-core/3.9.1/assertj-core-3.9.1.jar:/Users/ning/workspace/maven_Repository/org/mockito/mockito-core/2.15.0/mockito-core-2.15.0.jar:/Users/ning/workspace/maven_Repository/net/bytebuddy/byte-buddy/1.7.11/byte-buddy-1.7.11.jar:/Users/ning/workspace/maven_Repository/net/bytebuddy/byte-buddy-agent/1.7.11/byte-buddy-agent-1.7.11.jar:/Users/ning/workspace/maven_Repository/org/objenesis/objenesis/2.6/objenesis-2.6.jar:/Users/ning/workspace/maven_Repository/org/hamcrest/hamcrest-core/1.3/hamcrest-core-1.3.jar:/Users/ning/workspace/maven_Repository/org/hamcrest/hamcrest-library/1.3/hamcrest-library-1.3.jar:/Users/ning/workspace/maven_Repository/org/skyscreamer/jsonassert/1.5.0/jsonassert-1.5.0.jar:/Users/ning/workspace/maven_Repository/com/vaadin/external/google/android-json/0.0.20131108.vaadin1/android-json-0.0.20131108.vaadin1.jar:/Users/ning/workspace/maven_Repository/org/springframework/spring-core/5.0.8.RELEASE/spring-core-5.0.8.RELEASE.jar:/Users/ning/workspace/maven_Repository/org/springframework/spring-jcl/5.0.8.RELEASE/spring-jcl-5.0.8.RELEASE.jar:/Users/ning/workspace/maven_Repository/org/springframework/spring-test/5.0.8.RELEASE/spring-test-5.0.8.RELEASE.jar:/Users/ning/workspace/maven_Repository/org/xmlunit/xmlunit-core/2.5.1/xmlunit-core-2.5.1.jar:/Users/ning/workspace/maven_Repository/org/springframework/boot/spring-boot-devtools/2.0.4.RELEASE/spring-boot-devtools-2.0.4.RELEASE.jar:/Users/ning/workspace/maven_Repository/org/springframework/boot/spring-boot/2.0.4.RELEASE/spring-boot-2.0.4.RELEASE.jar:/Users/ning/workspace/maven_Repository/org/springframework/boot/spring-boot-autoconfigure/2.0.4.RELEASE/spring-boot-autoconfigure-2.0.4.RELEASE.jar:/Users/ning/workspace/maven_Repository/org/springframework/boot/spring-boot-configuration-processor/2.0.4.RELEASE/spring-boot-configuration-processor-2.0.4.RELEASE.jar:"/>
    <property name="sun.cpu.endian" value="little"/>
    <property name="user.home" value="/Users/ning"/>
    <property name="user.language" value="zh"/>
    <property name="java.specification.vendor" value="Oracle Corporation"/>
    <property name="java.home" value="/Library/Java/JavaVirtualMachines/jdk1.8.0_65.jdk/Contents/Home/jre"/>
    <property name="basedir" value="/Users/ning/Downloads/springbootdemo"/>
    <property name="file.separator" value="/"/>
    <property name="line.separator" value="&#10;"/>
    <property name="java.vm.specification.vendor" value="Oracle Corporation"/>
    <property name="java.specification.name" value="Java Platform API Specification"/>
    <property name="java.awt.graphicsenv" value="sun.awt.CGraphicsEnvironment"/>
    <property name="surefire.real.class.path" value="/Users/ning/Downloads/springbootdemo/target/surefire/surefirebooter4774805648711524408.jar"/>
    <property name="sun.boot.class.path" value="/Library/Java/JavaVirtualMachines/jdk1.8.0_65.jdk/Contents/Home/jre/lib/resources.jar:/Library/Java/JavaVirtualMachines/jdk1.8.0_65.jdk/Contents/Home/jre/lib/rt.jar:/Library/Java/JavaVirtualMachines/jdk1.8.0_65.jdk/Contents/Home/jre/lib/sunrsasign.jar:/Library/Java/JavaVirtualMachines/jdk1.8.0_65.jdk/Contents/Home/jre/lib/jsse.jar:/Library/Java/JavaVirtualMachines/jdk1.8.0_65.jdk/Contents/Home/jre/lib/jce.jar:/Library/Java/JavaVirtualMachines/jdk1.8.0_65.jdk/Contents/Home/jre/lib/charsets.jar:/Library/Java/JavaVirtualMachines/jdk1.8.0_65.jdk/Contents/Home/jre/lib/jfr.jar:/Library/Java/JavaVirtualMachines/jdk1.8.0_65.jdk/Contents/Home/jre/classes"/>
    <property name="sun.management.compiler" value="HotSpot 64-Bit Tiered Compilers"/>
    <property name="ftp.nonProxyHosts" value="local|*.local|169.254/16|*.169.254/16"/>
    <property name="java.runtime.version" value="1.8.0_65-b17"/>
    <property name="user.name" value="ning"/>
    <property name="path.separator" value=":"/>
    <property name="os.version" value="10.12"/>
    <property name="java.endorsed.dirs" value="/Library/Java/JavaVirtualMachines/jdk1.8.0_65.jdk/Contents/Home/jre/lib/endorsed"/>
    <property name="java.runtime.name" value="Java(TM) SE Runtime Environment"/>
    <property name="file.encoding" value="UTF-8"/>
    <property name="java.vm.name" value="Java HotSpot(TM) 64-Bit Server VM"/>
    <property name="localRepository" value="/Users/ning/workspace/maven_Repository"/>
    <property name="java.vendor.url.bug" value="http://bugreport.sun.com/bugreport/"/>
    <property name="java.io.tmpdir" value="/var/folders/mk/kkhs3_155r72t7xcr_zl_llr0000gn/T/"/>
    <property name="java.version" value="1.8.0_65"/>
    <property name="user.dir" value="/Users/ning/Downloads/springbootdemo"/>
    <property name="os.arch" value="x86_64"/>
    <property name="java.vm.specification.name" value="Java Virtual Machine Specification"/>
    <property name="java.awt.printerjob" value="sun.lwawt.macosx.CPrinterJob"/>
    <property name="user.language.format" value="zh-Hans"/>
    <property name="sun.os.patch.level" value="unknown"/>
    <property name="java.library.path" value="/Users/ning/Library/Java/Extensions:/Library/Java/Extensions:/Network/Library/Java/Extensions:/System/Library/Java/Extensions:/usr/lib/java:."/>
    <property name="java.vm.info" value="mixed mode"/>
    <property name="java.vendor" value="Oracle Corporation"/>
    <property name="java.vm.version" value="25.65-b01"/>
    <property name="java.ext.dirs" value="/Users/ning/Library/Java/Extensions:/Library/Java/JavaVirtualMachines/jdk1.8.0_65.jdk/Contents/Home/jre/lib/ext:/Library/Java/Extensions:/Network/Library/Java/Extensions:/System/Library/Java/Extensions:/usr/lib/java"/>
    <property name="sun.io.unicode.encoding" value="UnicodeBig"/>
    <property name="java.class.version" value="52.0"/>
    <property name="socksNonProxyHosts" value="local|*.local|169.254/16|*.169.254/16"/>
  </properties>
  <testcase name="contextLoads" classname="com.zn.springbootdemo.SpringbootdemoApplicationTests" time="0.159"/>
</testsuite>